{"devicePlatform":"","logFolder":"C:\\Users\\cipta.andhika\\Katalon Studio\\blanja.test\\blanja.test\\Reports\\Test Suites\\TS_01_Autoplaced\\TS_18_Autoplaced_TCash\\20181017_161135","runData":{"hostName":"CIPTA-E460$ - CIPTA-E460.ad.metraplasa.co.id","os":"Windows 10 64bit","katalonVersion":"5.8.0.1","browser":"Chrome 69.0.3497.100","hostAddress":"10.10.99.0","sessionId":"2e409710aad0848bcb8bbc084fb69056","seleniumVersion":"3.7.1","proxyInformation":"ProxyInformation{proxyOption\u003dNO_PROXY, proxyServerType\u003dHTTP, password\u003d, proxyServerAddress\u003d, proxyServerPort\u003d0}","platform":"Windows 10"},"type":"TEST_SUITE","name":"TS_18_Autoplaced_TCash","id":"Test Suites/Test Suites/TS_01_Autoplaced/TS_18_Autoplaced_TCash","source":"","message":"Test Cases/04_Trade/TC_04010002_ChooseMethodPayment/TC_04010002_18_ChooseMethodPayment_TCash FAILED because (of) (Stack trace: com.kms.katalon.core.exception.StepFailedException: Unable to click on object \u0027Object Repository/SC_04010002_Trade_PaymentMethod/RadioButtonPaymentMethod/rb_18_TCash\u0027 (Root cause: com.kms.katalon.core.webui.exception.WebElementNotFoundException: Web element with id: \u0027Object Repository/SC_04010002_Trade_PaymentMethod/RadioButtonPaymentMethod/rb_18_TCash\u0027 located by \u0027By.xpath: /html[1]/body[1]/section[1]/div[@class\u003d\"wrapper\"]/div[@class\u003d\"container940 clearfix choose-payment\"]/div[@class\u003d\"full-content\"]/div[@class\u003d\"container-white mt20\"]/ul[@class\u003d\"payment-list border-container pt0 clearfix\"]/li[@class\u003d\"pl\"]/ul[@class\u003d\"payment-option\"]/li[1]/label[1][count(. | //label[@for \u003d \u0027tcash\u0027]) \u003d count(//label[@for \u003d \u0027tcash\u0027])]\u0027 not found)\r\n\tat com.kms.katalon.core.keyword.internal.KeywordMain.stepFailed(KeywordMain.groovy:36)\r\n\tat com.kms.katalon.core.webui.keyword.internal.WebUIKeywordMain.stepFailed(WebUIKeywordMain.groovy:65)\r\n\tat com.kms.katalon.core.webui.keyword.internal.WebUIKeywordMain.runKeyword(WebUIKeywordMain.groovy:27)\r\n\tat com.kms.katalon.core.webui.keyword.builtin.ClickKeyword.click(ClickKeyword.groovy:86)\r\n\tat com.kms.katalon.core.webui.keyword.builtin.ClickKeyword.execute(ClickKeyword.groovy:67)\r\n\tat com.kms.katalon.core.keyword.internal.KeywordExecutor.executeKeywordForPlatform(KeywordExecutor.groovy:53)\r\n\tat com.kms.katalon.core.webui.keyword.WebUiBuiltInKeywords.click(WebUiBuiltInKeywords.groovy:616)\r\n\tat com.kms.katalon.core.webui.keyword.WebUiBuiltInKeywords$click$3.call(Unknown Source)\r\n\tat org.codehaus.groovy.runtime.callsite.CallSiteArray.defaultCall(CallSiteArray.java:48)\r\n\tat org.codehaus.groovy.runtime.callsite.AbstractCallSite.call(AbstractCallSite.java:113)\r\n\tat org.codehaus.groovy.runtime.callsite.AbstractCallSite.call(AbstractCallSite.java:125)\r\n\tat Script1521704817938.run(Script1521704817938.groovy:22)\r\n\tat com.kms.katalon.core.main.ScriptEngine.run(ScriptEngine.java:183)\r\n\tat com.kms.katalon.core.main.ScriptEngine.runScriptAsRawText(ScriptEngine.java:108)\r\n\tat com.kms.katalon.core.main.TestCaseExecutor.runScript(TestCaseExecutor.java:294)\r\n\tat com.kms.katalon.core.main.TestCaseExecutor.doExecute(TestCaseExecutor.java:285)\r\n\tat com.kms.katalon.core.main.TestCaseExecutor.processExecutionPhase(TestCaseExecutor.java:264)\r\n\tat com.kms.katalon.core.main.TestCaseExecutor.accessMainPhase(TestCaseExecutor.java:256)\r\n\tat com.kms.katalon.core.main.TestCaseExecutor.execute(TestCaseExecutor.java:200)\r\n\tat com.kms.katalon.core.main.TestSuiteExecutor.accessTestCaseMainPhase(TestSuiteExecutor.java:129)\r\n\tat com.kms.katalon.core.main.TestSuiteExecutor.accessTestSuiteMainPhase(TestSuiteExecutor.java:112)\r\n\tat com.kms.katalon.core.main.TestSuiteExecutor.execute(TestSuiteExecutor.java:81)\r\n\tat com.kms.katalon.core.main.TestCaseMain.startTestSuite(TestCaseMain.java:142)\r\n\tat com.kms.katalon.core.main.TestCaseMain$startTestSuite$0.call(Unknown Source)\r\n\tat org.codehaus.groovy.runtime.callsite.CallSiteArray.defaultCall(CallSiteArray.java:48)\r\n\tat org.codehaus.groovy.runtime.callsite.AbstractCallSite.call(AbstractCallSite.java:113)\r\n\tat org.codehaus.groovy.runtime.callsite.AbstractCallSite.call(AbstractCallSite.java:141)\r\n\tat TempTestSuite1539767495589.run(TempTestSuite1539767495589.groovy:36)\r\n\tat groovy.lang.GroovyShell.runScriptOrMainOrTestOrRunnable(GroovyShell.java:263)\r\n\tat groovy.lang.GroovyShell.run(GroovyShell.java:518)\r\n\tat groovy.lang.GroovyShell.run(GroovyShell.java:507)\r\n\tat groovy.ui.GroovyMain.processOnce(GroovyMain.java:653)\r\n\tat groovy.ui.GroovyMain.run(GroovyMain.java:384)\r\n\tat groovy.ui.GroovyMain.process(GroovyMain.java:370)\r\n\tat groovy.ui.GroovyMain.processArgs(GroovyMain.java:129)\r\n\tat groovy.ui.GroovyMain.main(GroovyMain.java:109)\r\n\tat sun.reflect.NativeMethodAccessorImpl.invoke0(Native Method)\r\n\tat sun.reflect.NativeMethodAccessorImpl.invoke(NativeMethodAccessorImpl.java:62)\r\n\tat sun.reflect.DelegatingMethodAccessorImpl.invoke(DelegatingMethodAccessorImpl.java:43)\r\n\tat java.lang.reflect.Method.invoke(Method.java:498)\r\n\tat org.codehaus.groovy.tools.GroovyStarter.rootLoader(GroovyStarter.java:109)\r\n\tat org.codehaus.groovy.tools.GroovyStarter.main(GroovyStarter.java:131)\r\n)","description":"","startTime":1539768684898,"endTime":1539768740580,"childRecords":[{"isOptional":false,"type":"TEST_CASE","name":"Test Cases/02_Member/TC_02010001_Member_Login","id":"Test Cases/02_Member/TC_02010001_Member_Login","source":"C:\\\\Users\\\\cipta.andhika\\\\Katalon Studio\\\\blanja.test\\\\blanja.test\\\\Test Cases\\\\02_Member\\\\TC_02010001_Member_Login.tc","message":"Test Cases/02_Member/TC_02010001_Member_Login","description":"","startTime":1539768685242,"endTime":1539768698347,"childRecords":[{"testStatus":{"stackTrace":"","statusValue":"INFO"},"type":"MESSAGE","name":"","message":"Evaluating variables for test case","startTime":1539768685264,"endTime":0,"childRecords":[],"interuppted":false},{"index":1,"isIgnoredIfFailed":false,"type":"TEST_STEP","name":"openBrowser","message":"Browser is opened with url: \u0027\u0027","description":"","startTime":1539768685696,"endTime":1539768688978,"childRecords":[{"testStatus":{"stackTrace":"","statusValue":"PASSED"},"type":"MESSAGE","name":"","message":"Browser is opened with url: \u0027\u0027","startTime":1539768688977,"endTime":0,"childRecords":[],"interuppted":false}],"interuppted":false},{"index":2,"isIgnoredIfFailed":false,"type":"TEST_STEP","name":"maximizeWindow","message":"Current window maximized","description":"","startTime":1539768688978,"endTime":1539768690118,"childRecords":[{"testStatus":{"stackTrace":"","statusValue":"PASSED"},"type":"MESSAGE","name":"","message":"Current window maximized","startTime":1539768690117,"endTime":0,"childRecords":[],"interuppted":false}],"interuppted":false},{"index":3,"isIgnoredIfFailed":false,"type":"TEST_STEP","name":"navigateToUrl","message":"Navigate to \u0027https://member.blanja.com/member/login\u0027 successfully","description":"","startTime":1539768690118,"endTime":1539768691806,"childRecords":[{"testStatus":{"stackTrace":"","statusValue":"PASSED"},"type":"MESSAGE","name":"","message":"Navigate to \u0027https://member.blanja.com/member/login\u0027 successfully","startTime":1539768691805,"endTime":0,"childRecords":[],"interuppted":false}],"interuppted":false},{"index":4,"isIgnoredIfFailed":false,"type":"TEST_STEP","name":"setText","message":"Text \u0027testblj2\u0027 is set on object \u0027Object Repository/SC_01010001_Mainsite/SC_02010001_Member_Login/input_nick\u0027","description":"","startTime":1539768691807,"endTime":1539768691977,"childRecords":[{"testStatus":{"stackTrace":"","statusValue":"PASSED"},"type":"MESSAGE","name":"","message":"Text \u0027testblj2\u0027 is set on object \u0027Object Repository/SC_01010001_Mainsite/SC_02010001_Member_Login/input_nick\u0027","startTime":1539768691976,"endTime":0,"childRecords":[],"interuppted":false}],"interuppted":false},{"index":5,"isIgnoredIfFailed":false,"type":"TEST_STEP","name":"setText","message":"Text \u0027123qwe\u0027 is set on object \u0027Object Repository/SC_01010001_Mainsite/SC_02010001_Member_Login/input_password\u0027","description":"","startTime":1539768691985,"endTime":1539768692127,"childRecords":[{"testStatus":{"stackTrace":"","statusValue":"PASSED"},"type":"MESSAGE","name":"","message":"Text \u0027123qwe\u0027 is set on object \u0027Object Repository/SC_01010001_Mainsite/SC_02010001_Member_Login/input_password\u0027","startTime":1539768692126,"endTime":0,"childRecords":[],"interuppted":false}],"interuppted":false},{"index":6,"isIgnoredIfFailed":false,"type":"TEST_STEP","name":"click","message":"Object: \u0027Object Repository/SC_01010001_Mainsite/SC_02010001_Member_Login/a_Masuk\u0027 is clicked on","description":"","startTime":1539768692127,"endTime":1539768698346,"childRecords":[{"testStatus":{"stackTrace":"","statusValue":"PASSED"},"type":"MESSAGE","name":"","message":"Object: \u0027Object Repository/SC_01010001_Mainsite/SC_02010001_Member_Login/a_Masuk\u0027 is clicked on","startTime":1539768698345,"endTime":0,"childRecords":[],"interuppted":false}],"interuppted":false},{"testStatus":{"stackTrace":"","statusValue":"PASSED"},"type":"MESSAGE","name":"","message":"Test Cases/02_Member/TC_02010001_Member_Login","startTime":1539768698346,"endTime":0,"childRecords":[],"interuppted":false}],"interuppted":false},{"isOptional":false,"type":"TEST_CASE","name":"Test Cases/03_Product/TC_03010001_Product_GoToPDPUrl_CloseGojekSuppoer_ClickBlanjaSekarang","id":"Test Cases/03_Product/TC_03010001_Product_GoToPDPUrl_CloseGojekSuppoer_ClickBlanjaSekarang","source":"C:\\\\Users\\\\cipta.andhika\\\\Katalon Studio\\\\blanja.test\\\\blanja.test\\\\Test Cases\\\\03_Product\\\\TC_03010001_Product_GoToPDPUrl_CloseGojekSuppoer_ClickBlanjaSekarang.tc","message":"Test Cases/03_Product/TC_03010001_Product_GoToPDPUrl_CloseGojekSuppoer_ClickBlanjaSekarang","description":"","startTime":1539768698350,"endTime":1539768700356,"childRecords":[{"testStatus":{"stackTrace":"","statusValue":"INFO"},"type":"MESSAGE","name":"","message":"Evaluating variables for test case","startTime":1539768698357,"endTime":0,"childRecords":[],"interuppted":false},{"index":1,"isIgnoredIfFailed":false,"type":"TEST_STEP","name":"navigateToUrl","message":"Navigate to \u0027https://item.blanja.com/item/jual-beli-pantene-black-shine-18983897\u0027 successfully","description":"","startTime":1539768698520,"endTime":1539768700162,"childRecords":[{"testStatus":{"stackTrace":"","statusValue":"PASSED"},"type":"MESSAGE","name":"","message":"Navigate to \u0027https://item.blanja.com/item/jual-beli-pantene-black-shine-18983897\u0027 successfully","startTime":1539768700162,"endTime":0,"childRecords":[],"interuppted":false}],"interuppted":false},{"index":2,"isIgnoredIfFailed":false,"type":"TEST_STEP","name":"click","message":"Object: \u0027Object Repository/SC_03010001_Product_PDP/i_x_button_TersediaLayananExpress\u0027 is clicked on","description":"","startTime":1539768700163,"endTime":1539768700258,"childRecords":[{"testStatus":{"stackTrace":"","statusValue":"PASSED"},"type":"MESSAGE","name":"","message":"Object: \u0027Object Repository/SC_03010001_Product_PDP/i_x_button_TersediaLayananExpress\u0027 is clicked on","startTime":1539768700258,"endTime":0,"childRecords":[],"interuppted":false}],"interuppted":false},{"index":3,"isIgnoredIfFailed":false,"type":"TEST_STEP","name":"click","message":"Object: \u0027Object Repository/SC_03010001_Product_PDP/span_Blanja sekarang\u0027 is clicked on","description":"","startTime":1539768700259,"endTime":1539768700354,"childRecords":[{"testStatus":{"stackTrace":"","statusValue":"PASSED"},"type":"MESSAGE","name":"","message":"Object: \u0027Object Repository/SC_03010001_Product_PDP/span_Blanja sekarang\u0027 is clicked on","startTime":1539768700354,"endTime":0,"childRecords":[],"interuppted":false}],"interuppted":false},{"testStatus":{"stackTrace":"","statusValue":"PASSED"},"type":"MESSAGE","name":"","message":"Test Cases/03_Product/TC_03010001_Product_GoToPDPUrl_CloseGojekSuppoer_ClickBlanjaSekarang","startTime":1539768700355,"endTime":0,"childRecords":[],"interuppted":false}],"interuppted":false},{"isOptional":false,"type":"TEST_CASE","name":"Test Cases/04_Trade/TC_04010001_GoToOrderConfirmUrl_SelectKurirStandard_ClickCheckout","id":"Test Cases/04_Trade/TC_04010001_GoToOrderConfirmUrl_SelectKurirStandard_ClickCheckout","source":"C:\\\\Users\\\\cipta.andhika\\\\Katalon Studio\\\\blanja.test\\\\blanja.test\\\\Test Cases\\\\04_Trade\\\\TC_04010001_GoToOrderConfirmUrl_SelectKurirStandard_ClickCheckout.tc","message":"Test Cases/04_Trade/TC_04010001_GoToOrderConfirmUrl_SelectKurirStandard_ClickCheckout","description":"","startTime":1539768700359,"endTime":1539768703908,"childRecords":[{"testStatus":{"stackTrace":"","statusValue":"INFO"},"type":"MESSAGE","name":"","message":"Evaluating variables for test case","startTime":1539768700367,"endTime":0,"childRecords":[],"interuppted":false},{"index":1,"isIgnoredIfFailed":false,"type":"TEST_STEP","name":"selectOptionByValue","message":"All options with value \u0027Kurir Standar\u0027 are selected in object \u0027Object Repository/SC_04010001_Trade_OrderConfirm/select_Pilih Jasa PengirimanKu\u0027  using regular expression","description":"","startTime":1539768700494,"endTime":1539768701796,"childRecords":[{"testStatus":{"stackTrace":"","statusValue":"PASSED"},"type":"MESSAGE","name":"","message":"All options with value \u0027Kurir Standar\u0027 are selected in object \u0027Object Repository/SC_04010001_Trade_OrderConfirm/select_Pilih Jasa PengirimanKu\u0027  using regular expression","startTime":1539768701795,"endTime":0,"childRecords":[],"interuppted":false}],"interuppted":false},{"index":2,"isIgnoredIfFailed":false,"type":"TEST_STEP","name":"delay","message":"Delayed 2 second(s)","description":"","startTime":1539768701796,"endTime":1539768703812,"childRecords":[{"testStatus":{"stackTrace":"","statusValue":"PASSED"},"type":"MESSAGE","name":"","message":"Delayed 2 second(s)","startTime":1539768703811,"endTime":0,"childRecords":[],"interuppted":false}],"interuppted":false},{"index":3,"isIgnoredIfFailed":false,"type":"TEST_STEP","name":"click","message":"Object: \u0027Object Repository/SC_04010001_Trade_OrderConfirm/input_checkOut\u0027 is clicked on","description":"","startTime":1539768703812,"endTime":1539768703908,"childRecords":[{"testStatus":{"stackTrace":"","statusValue":"PASSED"},"type":"MESSAGE","name":"","message":"Object: \u0027Object Repository/SC_04010001_Trade_OrderConfirm/input_checkOut\u0027 is clicked on","startTime":1539768703907,"endTime":0,"childRecords":[],"interuppted":false}],"interuppted":false},{"testStatus":{"stackTrace":"","statusValue":"PASSED"},"type":"MESSAGE","name":"","message":"Test Cases/04_Trade/TC_04010001_GoToOrderConfirmUrl_SelectKurirStandard_ClickCheckout","startTime":1539768703908,"endTime":0,"childRecords":[],"interuppted":false}],"interuppted":false},{"isOptional":false,"type":"TEST_CASE","name":"Test Cases/04_Trade/TC_04010002_ChooseMethodPayment/TC_04010002_18_ChooseMethodPayment_TCash","id":"Test Cases/04_Trade/TC_04010002_ChooseMethodPayment/TC_04010002_18_ChooseMethodPayment_TCash","source":"C:\\\\Users\\\\cipta.andhika\\\\Katalon Studio\\\\blanja.test\\\\blanja.test\\\\Test Cases\\\\04_Trade\\\\TC_04010002_ChooseMethodPayment\\\\TC_04010002_18_ChooseMethodPayment_TCash.tc","message":"Test Cases/04_Trade/TC_04010002_ChooseMethodPayment/TC_04010002_18_ChooseMethodPayment_TCash FAILED because (of) (Stack trace: com.kms.katalon.core.exception.StepFailedException: Unable to click on object \u0027Object Repository/SC_04010002_Trade_PaymentMethod/RadioButtonPaymentMethod/rb_18_TCash\u0027 (Root cause: com.kms.katalon.core.webui.exception.WebElementNotFoundException: Web element with id: \u0027Object Repository/SC_04010002_Trade_PaymentMethod/RadioButtonPaymentMethod/rb_18_TCash\u0027 located by \u0027By.xpath: /html[1]/body[1]/section[1]/div[@class\u003d\"wrapper\"]/div[@class\u003d\"container940 clearfix choose-payment\"]/div[@class\u003d\"full-content\"]/div[@class\u003d\"container-white mt20\"]/ul[@class\u003d\"payment-list border-container pt0 clearfix\"]/li[@class\u003d\"pl\"]/ul[@class\u003d\"payment-option\"]/li[1]/label[1][count(. | //label[@for \u003d \u0027tcash\u0027]) \u003d count(//label[@for \u003d \u0027tcash\u0027])]\u0027 not found)\r\n\tat com.kms.katalon.core.keyword.internal.KeywordMain.stepFailed(KeywordMain.groovy:36)\r\n\tat com.kms.katalon.core.webui.keyword.internal.WebUIKeywordMain.stepFailed(WebUIKeywordMain.groovy:65)\r\n\tat com.kms.katalon.core.webui.keyword.internal.WebUIKeywordMain.runKeyword(WebUIKeywordMain.groovy:27)\r\n\tat com.kms.katalon.core.webui.keyword.builtin.ClickKeyword.click(ClickKeyword.groovy:86)\r\n\tat com.kms.katalon.core.webui.keyword.builtin.ClickKeyword.execute(ClickKeyword.groovy:67)\r\n\tat com.kms.katalon.core.keyword.internal.KeywordExecutor.executeKeywordForPlatform(KeywordExecutor.groovy:53)\r\n\tat com.kms.katalon.core.webui.keyword.WebUiBuiltInKeywords.click(WebUiBuiltInKeywords.groovy:616)\r\n\tat com.kms.katalon.core.webui.keyword.WebUiBuiltInKeywords$click$3.call(Unknown Source)\r\n\tat org.codehaus.groovy.runtime.callsite.CallSiteArray.defaultCall(CallSiteArray.java:48)\r\n\tat org.codehaus.groovy.runtime.callsite.AbstractCallSite.call(AbstractCallSite.java:113)\r\n\tat org.codehaus.groovy.runtime.callsite.AbstractCallSite.call(AbstractCallSite.java:125)\r\n\tat Script1521704817938.run(Script1521704817938.groovy:22)\r\n\tat com.kms.katalon.core.main.ScriptEngine.run(ScriptEngine.java:183)\r\n\tat com.kms.katalon.core.main.ScriptEngine.runScriptAsRawText(ScriptEngine.java:108)\r\n\tat com.kms.katalon.core.main.TestCaseExecutor.runScript(TestCaseExecutor.java:294)\r\n\tat com.kms.katalon.core.main.TestCaseExecutor.doExecute(TestCaseExecutor.java:285)\r\n\tat com.kms.katalon.core.main.TestCaseExecutor.processExecutionPhase(TestCaseExecutor.java:264)\r\n\tat com.kms.katalon.core.main.TestCaseExecutor.accessMainPhase(TestCaseExecutor.java:256)\r\n\tat com.kms.katalon.core.main.TestCaseExecutor.execute(TestCaseExecutor.java:200)\r\n\tat com.kms.katalon.core.main.TestSuiteExecutor.accessTestCaseMainPhase(TestSuiteExecutor.java:129)\r\n\tat com.kms.katalon.core.main.TestSuiteExecutor.accessTestSuiteMainPhase(TestSuiteExecutor.java:112)\r\n\tat com.kms.katalon.core.main.TestSuiteExecutor.execute(TestSuiteExecutor.java:81)\r\n\tat com.kms.katalon.core.main.TestCaseMain.startTestSuite(TestCaseMain.java:142)\r\n\tat com.kms.katalon.core.main.TestCaseMain$startTestSuite$0.call(Unknown Source)\r\n\tat org.codehaus.groovy.runtime.callsite.CallSiteArray.defaultCall(CallSiteArray.java:48)\r\n\tat org.codehaus.groovy.runtime.callsite.AbstractCallSite.call(AbstractCallSite.java:113)\r\n\tat org.codehaus.groovy.runtime.callsite.AbstractCallSite.call(AbstractCallSite.java:141)\r\n\tat TempTestSuite1539767495589.run(TempTestSuite1539767495589.groovy:36)\r\n\tat groovy.lang.GroovyShell.runScriptOrMainOrTestOrRunnable(GroovyShell.java:263)\r\n\tat groovy.lang.GroovyShell.run(GroovyShell.java:518)\r\n\tat groovy.lang.GroovyShell.run(GroovyShell.java:507)\r\n\tat groovy.ui.GroovyMain.processOnce(GroovyMain.java:653)\r\n\tat groovy.ui.GroovyMain.run(GroovyMain.java:384)\r\n\tat groovy.ui.GroovyMain.process(GroovyMain.java:370)\r\n\tat groovy.ui.GroovyMain.processArgs(GroovyMain.java:129)\r\n\tat groovy.ui.GroovyMain.main(GroovyMain.java:109)\r\n\tat sun.reflect.NativeMethodAccessorImpl.invoke0(Native Method)\r\n\tat sun.reflect.NativeMethodAccessorImpl.invoke(NativeMethodAccessorImpl.java:62)\r\n\tat sun.reflect.DelegatingMethodAccessorImpl.invoke(DelegatingMethodAccessorImpl.java:43)\r\n\tat java.lang.reflect.Method.invoke(Method.java:498)\r\n\tat org.codehaus.groovy.tools.GroovyStarter.rootLoader(GroovyStarter.java:109)\r\n\tat org.codehaus.groovy.tools.GroovyStarter.main(GroovyStarter.java:131)\r\n)","description":"","startTime":1539768703911,"endTime":1539768737976,"childRecords":[{"testStatus":{"stackTrace":"","statusValue":"INFO"},"type":"MESSAGE","name":"","message":"Evaluating variables for test case","startTime":1539768703917,"endTime":0,"childRecords":[],"interuppted":false},{"attachment":"1539768737671.png","index":1,"isIgnoredIfFailed":false,"type":"TEST_STEP","name":"click","message":"Unable to click on object \u0027Object Repository/SC_04010002_Trade_PaymentMethod/RadioButtonPaymentMethod/rb_18_TCash\u0027 (Root cause: com.kms.katalon.core.webui.exception.WebElementNotFoundException: Web element with id: \u0027Object Repository/SC_04010002_Trade_PaymentMethod/RadioButtonPaymentMethod/rb_18_TCash\u0027 located by \u0027By.xpath: /html[1]/body[1]/section[1]/div[@class\u003d\"wrapper\"]/div[@class\u003d\"container940 clearfix choose-payment\"]/div[@class\u003d\"full-content\"]/div[@class\u003d\"container-white mt20\"]/ul[@class\u003d\"payment-list border-container pt0 clearfix\"]/li[@class\u003d\"pl\"]/ul[@class\u003d\"payment-option\"]/li[1]/label[1][count(. | //label[@for \u003d \u0027tcash\u0027]) \u003d count(//label[@for \u003d \u0027tcash\u0027])]\u0027 not found)","description":"","startTime":1539768704065,"endTime":1539768737972,"childRecords":[{"testStatus":{"stackTrace":"","statusValue":"FAILED"},"attachment":"1539768737671.png","type":"MESSAGE","name":"","message":"Unable to click on object \u0027Object Repository/SC_04010002_Trade_PaymentMethod/RadioButtonPaymentMethod/rb_18_TCash\u0027 (Root cause: com.kms.katalon.core.webui.exception.WebElementNotFoundException: Web element with id: \u0027Object Repository/SC_04010002_Trade_PaymentMethod/RadioButtonPaymentMethod/rb_18_TCash\u0027 located by \u0027By.xpath: /html[1]/body[1]/section[1]/div[@class\u003d\"wrapper\"]/div[@class\u003d\"container940 clearfix choose-payment\"]/div[@class\u003d\"full-content\"]/div[@class\u003d\"container-white mt20\"]/ul[@class\u003d\"payment-list border-container pt0 clearfix\"]/li[@class\u003d\"pl\"]/ul[@class\u003d\"payment-option\"]/li[1]/label[1][count(. | //label[@for \u003d \u0027tcash\u0027]) \u003d count(//label[@for \u003d \u0027tcash\u0027])]\u0027 not found)","startTime":1539768737971,"endTime":0,"childRecords":[],"interuppted":false}],"interuppted":false},{"testStatus":{"stackTrace":"","statusValue":"FAILED"},"type":"MESSAGE","name":"","message":"Test Cases/04_Trade/TC_04010002_ChooseMethodPayment/TC_04010002_18_ChooseMethodPayment_TCash FAILED because (of) (Stack trace: com.kms.katalon.core.exception.StepFailedException: Unable to click on object \u0027Object Repository/SC_04010002_Trade_PaymentMethod/RadioButtonPaymentMethod/rb_18_TCash\u0027 (Root cause: com.kms.katalon.core.webui.exception.WebElementNotFoundException: Web element with id: \u0027Object Repository/SC_04010002_Trade_PaymentMethod/RadioButtonPaymentMethod/rb_18_TCash\u0027 located by \u0027By.xpath: /html[1]/body[1]/section[1]/div[@class\u003d\"wrapper\"]/div[@class\u003d\"container940 clearfix choose-payment\"]/div[@class\u003d\"full-content\"]/div[@class\u003d\"container-white mt20\"]/ul[@class\u003d\"payment-list border-container pt0 clearfix\"]/li[@class\u003d\"pl\"]/ul[@class\u003d\"payment-option\"]/li[1]/label[1][count(. | //label[@for \u003d \u0027tcash\u0027]) \u003d count(//label[@for \u003d \u0027tcash\u0027])]\u0027 not found)\r\n\tat com.kms.katalon.core.keyword.internal.KeywordMain.stepFailed(KeywordMain.groovy:36)\r\n\tat com.kms.katalon.core.webui.keyword.internal.WebUIKeywordMain.stepFailed(WebUIKeywordMain.groovy:65)\r\n\tat com.kms.katalon.core.webui.keyword.internal.WebUIKeywordMain.runKeyword(WebUIKeywordMain.groovy:27)\r\n\tat com.kms.katalon.core.webui.keyword.builtin.ClickKeyword.click(ClickKeyword.groovy:86)\r\n\tat com.kms.katalon.core.webui.keyword.builtin.ClickKeyword.execute(ClickKeyword.groovy:67)\r\n\tat com.kms.katalon.core.keyword.internal.KeywordExecutor.executeKeywordForPlatform(KeywordExecutor.groovy:53)\r\n\tat com.kms.katalon.core.webui.keyword.WebUiBuiltInKeywords.click(WebUiBuiltInKeywords.groovy:616)\r\n\tat com.kms.katalon.core.webui.keyword.WebUiBuiltInKeywords$click$3.call(Unknown Source)\r\n\tat org.codehaus.groovy.runtime.callsite.CallSiteArray.defaultCall(CallSiteArray.java:48)\r\n\tat org.codehaus.groovy.runtime.callsite.AbstractCallSite.call(AbstractCallSite.java:113)\r\n\tat org.codehaus.groovy.runtime.callsite.AbstractCallSite.call(AbstractCallSite.java:125)\r\n\tat Script1521704817938.run(Script1521704817938.groovy:22)\r\n\tat com.kms.katalon.core.main.ScriptEngine.run(ScriptEngine.java:183)\r\n\tat com.kms.katalon.core.main.ScriptEngine.runScriptAsRawText(ScriptEngine.java:108)\r\n\tat com.kms.katalon.core.main.TestCaseExecutor.runScript(TestCaseExecutor.java:294)\r\n\tat com.kms.katalon.core.main.TestCaseExecutor.doExecute(TestCaseExecutor.java:285)\r\n\tat com.kms.katalon.core.main.TestCaseExecutor.processExecutionPhase(TestCaseExecutor.java:264)\r\n\tat com.kms.katalon.core.main.TestCaseExecutor.accessMainPhase(TestCaseExecutor.java:256)\r\n\tat com.kms.katalon.core.main.TestCaseExecutor.execute(TestCaseExecutor.java:200)\r\n\tat com.kms.katalon.core.main.TestSuiteExecutor.accessTestCaseMainPhase(TestSuiteExecutor.java:129)\r\n\tat com.kms.katalon.core.main.TestSuiteExecutor.accessTestSuiteMainPhase(TestSuiteExecutor.java:112)\r\n\tat com.kms.katalon.core.main.TestSuiteExecutor.execute(TestSuiteExecutor.java:81)\r\n\tat com.kms.katalon.core.main.TestCaseMain.startTestSuite(TestCaseMain.java:142)\r\n\tat com.kms.katalon.core.main.TestCaseMain$startTestSuite$0.call(Unknown Source)\r\n\tat org.codehaus.groovy.runtime.callsite.CallSiteArray.defaultCall(CallSiteArray.java:48)\r\n\tat org.codehaus.groovy.runtime.callsite.AbstractCallSite.call(AbstractCallSite.java:113)\r\n\tat org.codehaus.groovy.runtime.callsite.AbstractCallSite.call(AbstractCallSite.java:141)\r\n\tat TempTestSuite1539767495589.run(TempTestSuite1539767495589.groovy:36)\r\n\tat groovy.lang.GroovyShell.runScriptOrMainOrTestOrRunnable(GroovyShell.java:263)\r\n\tat groovy.lang.GroovyShell.run(GroovyShell.java:518)\r\n\tat groovy.lang.GroovyShell.run(GroovyShell.java:507)\r\n\tat groovy.ui.GroovyMain.processOnce(GroovyMain.java:653)\r\n\tat groovy.ui.GroovyMain.run(GroovyMain.java:384)\r\n\tat groovy.ui.GroovyMain.process(GroovyMain.java:370)\r\n\tat groovy.ui.GroovyMain.processArgs(GroovyMain.java:129)\r\n\tat groovy.ui.GroovyMain.main(GroovyMain.java:109)\r\n\tat sun.reflect.NativeMethodAccessorImpl.invoke0(Native Method)\r\n\tat sun.reflect.NativeMethodAccessorImpl.invoke(NativeMethodAccessorImpl.java:62)\r\n\tat sun.reflect.DelegatingMethodAccessorImpl.invoke(DelegatingMethodAccessorImpl.java:43)\r\n\tat java.lang.reflect.Method.invoke(Method.java:498)\r\n\tat org.codehaus.groovy.tools.GroovyStarter.rootLoader(GroovyStarter.java:109)\r\n\tat org.codehaus.groovy.tools.GroovyStarter.main(GroovyStarter.java:131)\r\n)","startTime":1539768737973,"endTime":0,"childRecords":[],"interuppted":false}],"interuppted":false},{"isOptional":false,"type":"TEST_CASE","name":"Test Cases/04_Trade/TC_04010003_ClickCheckout_GetLastOrderID_ExportTo_Blanja_Autoplaced","id":"Test Cases/04_Trade/TC_04010003_ClickCheckout_GetLastOrderID_ExportTo_Blanja_Autoplaced","source":"C:\\\\Users\\\\cipta.andhika\\\\Katalon Studio\\\\blanja.test\\\\blanja.test\\\\Test Cases\\\\04_Trade\\\\TC_04010003_ClickCheckout_GetLastOrderID_ExportTo_Blanja_Autoplaced.tc","message":"Test Cases/04_Trade/TC_04010003_ClickCheckout_GetLastOrderID_ExportTo_Blanja_Autoplaced","description":"","startTime":1539768737979,"endTime":1539768739918,"childRecords":[{"testStatus":{"stackTrace":"","statusValue":"INFO"},"type":"MESSAGE","name":"","message":"Evaluating variables for test case","startTime":1539768737986,"endTime":0,"childRecords":[],"interuppted":false},{"index":1,"isIgnoredIfFailed":false,"type":"TEST_STEP","name":"click","message":"Object: \u0027Object Repository/SC_04010002_Trade_PaymentMethod/input_checkOut\u0027 is clicked on","description":"","startTime":1539768738117,"endTime":1539768738216,"childRecords":[{"testStatus":{"stackTrace":"","statusValue":"PASSED"},"type":"MESSAGE","name":"","message":"Object: \u0027Object Repository/SC_04010002_Trade_PaymentMethod/input_checkOut\u0027 is clicked on","startTime":1539768738216,"endTime":0,"childRecords":[],"interuppted":false}],"interuppted":false},{"index":2,"isIgnoredIfFailed":false,"type":"TEST_STEP","name":"navigateToUrl","message":"Navigate to \u0027https://member.blanja.com/trades/orderList.html\u0027 successfully","description":"","startTime":1539768738217,"endTime":1539768739829,"childRecords":[{"testStatus":{"stackTrace":"","statusValue":"PASSED"},"type":"MESSAGE","name":"","message":"Navigate to \u0027https://member.blanja.com/trades/orderList.html\u0027 successfully","startTime":1539768739828,"endTime":0,"childRecords":[],"interuppted":false}],"interuppted":false},{"index":3,"isIgnoredIfFailed":false,"type":"TEST_STEP","name":"Statement - orderNumber \u003d \" - \" + com.kms.katalon.core.webui.keyword.WebUiBuiltInKeywords.getText(com.kms.katalon.core.testobject.ObjectRepository.findTestObject(SC_02010003_Member_BlanjaanSaya/Label_FirstOrderNumber))","message":"Text of object \u0027Object Repository/SC_02010003_Member_BlanjaanSaya/Label_FirstOrderNumber\u0027 is: \u0027Nomor Pemesanan :418695231448684019\u0027","description":"","startTime":1539768739829,"endTime":1539768739902,"childRecords":[{"testStatus":{"stackTrace":"","statusValue":"PASSED"},"type":"MESSAGE","name":"","message":"Text of object \u0027Object Repository/SC_02010003_Member_BlanjaanSaya/Label_FirstOrderNumber\u0027 is: \u0027Nomor Pemesanan :418695231448684019\u0027","startTime":1539768739900,"endTime":0,"childRecords":[],"interuppted":false}],"interuppted":false},{"index":4,"isIgnoredIfFailed":false,"type":"TEST_STEP","name":"blj.common.report.Autoplaced.AppendToBlanjaAutoplacedReport","message":"blj.common.report.Autoplaced.AppendToBlanjaAutoplacedReport is PASSED","description":"","startTime":1539768739902,"endTime":1539768739917,"childRecords":[{"testStatus":{"stackTrace":"","statusValue":"PASSED"},"type":"MESSAGE","name":"","message":"blj.common.report.Autoplaced.AppendToBlanjaAutoplacedReport is PASSED","startTime":1539768739917,"endTime":0,"childRecords":[],"interuppted":false}],"interuppted":false},{"testStatus":{"stackTrace":"","statusValue":"PASSED"},"type":"MESSAGE","name":"","message":"Test Cases/04_Trade/TC_04010003_ClickCheckout_GetLastOrderID_ExportTo_Blanja_Autoplaced","startTime":1539768739917,"endTime":0,"childRecords":[],"interuppted":false}],"interuppted":false}],"interuppted":false}