<?xml version="1.0" encoding="UTF-8"?>
<testsuites name="TS_01_Autoplaced_Mandiri_BankTransferVirtualAccount" time="125" tests="1" failures="4" errors="0">
   <testsuite name="TS_01_Autoplaced_Mandiri_BankTransferVirtualAccount" tests="1" failures="4" errors="0" time="125" timestamp="2018-10-06 08:21:22" hostname="gerardus.adiprana - GerardusA-E460.ad.metraplasa.co.id" id="Test Suites/Test Suites/TS_01_Autoplaced/TS_01_Autoplaced_Mandiri_BankTransferVirtualAccount">
      <properties>
         <property name="deviceName" value=""/>
         <property name="devicePlatform" value=""/>
         <property name="logFolder" value="C:\\Users\\gerardus.adiprana\\Desktop\\DATA\\Katalon Studio\\blanja.test.prod\\blanja.test\\Reports\\Test Suites\\TS_01_Autoplaced\\TS_01_Autoplaced_Mandiri_BankTransferVirtualAccount\\20181006_082120"/>
         <property name="logFiles" value="C:\\Users\\gerardus.adiprana\\Desktop\\DATA\\Katalon Studio\\blanja.test.prod\\blanja.test\\Reports\\Test Suites\\TS_01_Autoplaced\\TS_01_Autoplaced_Mandiri_BankTransferVirtualAccount\\20181006_082120\\execution0.log"/>
         <property name="attachments" value="C:\\Users\\gerardus.adiprana\\Desktop\\DATA\\Katalon Studio\\blanja.test.prod\\blanja.test\\Reports\\Test Suites\\TS_01_Autoplaced\\TS_01_Autoplaced_Mandiri_BankTransferVirtualAccount\\20181006_082120\\1538788937441.png, C:\\Users\\gerardus.adiprana\\Desktop\\DATA\\Katalon Studio\\blanja.test.prod\\blanja.test\\Reports\\Test Suites\\TS_01_Autoplaced\\TS_01_Autoplaced_Mandiri_BankTransferVirtualAccount\\20181006_082120\\1538788970401.png"/>
         <property name="hostName" value="gerardus.adiprana - GerardusA-E460.ad.metraplasa.co.id"/>
         <property name="os" value="Windows 7 64bit"/>
         <property name="katalonVersion" value="5.3.1.1"/>
         <property name="browser" value="Chrome 69.0.3497.100"/>
         <property name="hostAddress" value="172.16.31.14"/>
         <property name="sessionId" value="eb66abcedcacf820723e902f7a8fb0bc"/>
         <property name="seleniumVersion" value="3.7.1"/>
         <property name="proxyInformation" value="ProxyInformation{proxyOption=NO_PROXY, proxyServerType=HTTP, password=, proxyServerAddress=, proxyServerPort=0}"/>
         <property name="platform" value="Windows 7"/>
      </properties>
      <testcase name="Test Cases/02_Member/TC_02010001_Member_Login" classname="Test Cases/02_Member/TC_02010001_Member_Login" status="PASSED">
         <system-out><![CDATA[2018-10-06 08:21:23 - [TEST_CASE][PASSED] - Test Cases/02_Member/TC_02010001_Member_Login: Test Cases/02_Member/TC_02010001_Member_Login

2018-10-06 08:21:23 - [TEST_STEP][PASSED] - openBrowser: Browser is opened with url: ''

2018-10-06 08:21:27 - [MESSAGE][PASSED] - Browser is opened with url: ''

2018-10-06 08:21:27 - [TEST_STEP][PASSED] - maximizeWindow: Current window maximized

2018-10-06 08:21:28 - [MESSAGE][PASSED] - Current window maximized

2018-10-06 08:21:28 - [TEST_STEP][PASSED] - navigateToUrl: Navigate to 'https://member.blanja.com/member/login' successfully

2018-10-06 08:21:32 - [MESSAGE][PASSED] - Navigate to 'https://member.blanja.com/member/login' successfully

2018-10-06 08:21:32 - [TEST_STEP][PASSED] - setText: Text 'testblj2' is set on object 'Object Repository/SC_01010001_Mainsite/SC_02010001_Member_Login/input_nick'

2018-10-06 08:21:32 - [MESSAGE][PASSED] - Text 'testblj2' is set on object 'Object Repository/SC_01010001_Mainsite/SC_02010001_Member_Login/input_nick'

2018-10-06 08:21:32 - [TEST_STEP][PASSED] - setText: Text '123qwe' is set on object 'Object Repository/SC_01010001_Mainsite/SC_02010001_Member_Login/input_password'

2018-10-06 08:21:33 - [MESSAGE][PASSED] - Text '123qwe' is set on object 'Object Repository/SC_01010001_Mainsite/SC_02010001_Member_Login/input_password'

2018-10-06 08:21:33 - [TEST_STEP][PASSED] - click: Object: 'Object Repository/SC_01010001_Mainsite/SC_02010001_Member_Login/a_Masuk' is clicked on

2018-10-06 08:21:40 - [MESSAGE][PASSED] - Object: 'Object Repository/SC_01010001_Mainsite/SC_02010001_Member_Login/a_Masuk' is clicked on]]></system-out>
         <system-err><![CDATA[]]></system-err>
      </testcase>
      <testcase name="Test Cases/03_Product/TC_03010001_Product_GoToPDPUrl_ClickBlanjaSekarang" classname="Test Cases/03_Product/TC_03010001_Product_GoToPDPUrl_ClickBlanjaSekarang" status="FAILED">
         <failure type="FAILED" message="Unable to click on object 'Object Repository/SC_03010001_Product_PDP/a_Saya Mengerti' (Root cause: com.kms.katalon.core.webui.exception.WebElementNotFoundException: Web element with id: 'Object Repository/SC_03010001_Product_PDP/a_Saya Mengerti' located by 'By.xpath: //a[(text() = 'Saya Mengerti' or . = 'Saya Mengerti')]' not found)"/>
         <system-out><![CDATA[2018-10-06 08:21:40 - [TEST_CASE][FAILED] - Test Cases/03_Product/TC_03010001_Product_GoToPDPUrl_ClickBlanjaSekarang: Test Cases/03_Product/TC_03010001_Product_GoToPDPUrl_ClickBlanjaSekarang FAILED because (of) Unable to click on object 'Object Repository/SC_03010001_Product_PDP/a_Saya Mengerti' (Root cause: com.kms.katalon.core.webui.exception.WebElementNotFoundException: Web element with id: 'Object Repository/SC_03010001_Product_PDP/a_Saya Mengerti' located by 'By.xpath: //a[(text() = 'Saya Mengerti' or . = 'Saya Mengerti')]' not found)

2018-10-06 08:21:41 - [TEST_STEP][PASSED] - navigateToUrl: Navigate to 'https://item.blanja.com/item/jual-beli-lux-sakura-17816451' successfully

2018-10-06 08:21:45 - [MESSAGE][PASSED] - Navigate to 'https://item.blanja.com/item/jual-beli-lux-sakura-17816451' successfully

2018-10-06 08:21:45 - [TEST_STEP][FAILED] - click: Unable to click on object 'Object Repository/SC_03010001_Product_PDP/a_Saya Mengerti' (Root cause: com.kms.katalon.core.webui.exception.WebElementNotFoundException: Web element with id: 'Object Repository/SC_03010001_Product_PDP/a_Saya Mengerti' located by 'By.xpath: //a[(text() = 'Saya Mengerti' or . = 'Saya Mengerti')]' not found)

2018-10-06 08:22:17 - [MESSAGE][FAILED] - Unable to click on object 'Object Repository/SC_03010001_Product_PDP/a_Saya Mengerti' (Root cause: com.kms.katalon.core.webui.exception.WebElementNotFoundException: Web element with id: 'Object Repository/SC_03010001_Product_PDP/a_Saya Mengerti' located by 'By.xpath: //a[(text() = 'Saya Mengerti' or . = 'Saya Mengerti')]' not found)
[[ATTACHMENT|C:\\Users\\gerardus.adiprana\\Desktop\\DATA\\Katalon Studio\\blanja.test.prod\\blanja.test\\Reports\\Test Suites\\TS_01_Autoplaced\\TS_01_Autoplaced_Mandiri_BankTransferVirtualAccount\\20181006_082120\\1538788937441.png]]]]></system-out>
         <system-err><![CDATA[2018-10-06 08:21:40 - [TEST_CASE][FAILED] - Test Cases/03_Product/TC_03010001_Product_GoToPDPUrl_ClickBlanjaSekarang: Test Cases/03_Product/TC_03010001_Product_GoToPDPUrl_ClickBlanjaSekarang FAILED because (of) Unable to click on object 'Object Repository/SC_03010001_Product_PDP/a_Saya Mengerti' (Root cause: com.kms.katalon.core.webui.exception.WebElementNotFoundException: Web element with id: 'Object Repository/SC_03010001_Product_PDP/a_Saya Mengerti' located by 'By.xpath: //a[(text() = 'Saya Mengerti' or . = 'Saya Mengerti')]' not found)]]></system-err>
      </testcase>
      <testcase name="Test Cases/04_Trade/TC_04010001_GoToOrderConfirmUrl_SelectKurirStandard_ClickCheckout" classname="Test Cases/04_Trade/TC_04010001_GoToOrderConfirmUrl_SelectKurirStandard_ClickCheckout" status="FAILED">
         <failure type="FAILED" message="Unable to select option by value 'Kurir Standar' of object 'Object Repository/SC_04010001_Trade_OrderConfirm/select_- Pilih Pengiriman -'  using regular expression (Root cause: com.kms.katalon.core.webui.exception.WebElementNotFoundException: Web element with id: 'Object Repository/SC_04010001_Trade_OrderConfirm/select_- Pilih Pengiriman -' located by 'By.xpath: id(&quot;productDetailDiv&quot;)/ul[@class=&quot;store-order-list&quot;]/li[1]/div[@class=&quot;store-notes container-smokewhite mt15 clearfix&quot;]/div[@class=&quot;instant-courier-block column-12 clearfix mb10 lHeight-32&quot;]/div[@class=&quot;fLeft column-9&quot;]/div[@class=&quot;clearfix column-12 brd-box&quot;]/div[@class=&quot;fLeft column-4half pr5&quot;]/select[@class=&quot;select-courier-provider column-12 p5&quot;]' not found)"/>
         <system-out><![CDATA[2018-10-06 08:22:17 - [TEST_CASE][FAILED] - Test Cases/04_Trade/TC_04010001_GoToOrderConfirmUrl_SelectKurirStandard_ClickCheckout: Test Cases/04_Trade/TC_04010001_GoToOrderConfirmUrl_SelectKurirStandard_ClickCheckout FAILED because (of) Unable to select option by value 'Kurir Standar' of object 'Object Repository/SC_04010001_Trade_OrderConfirm/select_- Pilih Pengiriman -'  using regular expression (Root cause: com.kms.katalon.core.webui.exception.WebElementNotFoundException: Web element with id: 'Object Repository/SC_04010001_Trade_OrderConfirm/select_- Pilih Pengiriman -' located by 'By.xpath: id("productDetailDiv")/ul[@class="store-order-list"]/li[1]/div[@class="store-notes container-smokewhite mt15 clearfix"]/div[@class="instant-courier-block column-12 clearfix mb10 lHeight-32"]/div[@class="fLeft column-9"]/div[@class="clearfix column-12 brd-box"]/div[@class="fLeft column-4half pr5"]/select[@class="select-courier-provider column-12 p5"]' not found)

2018-10-06 08:22:18 - [TEST_STEP][FAILED] - selectOptionByValue: Unable to select option by value 'Kurir Standar' of object 'Object Repository/SC_04010001_Trade_OrderConfirm/select_- Pilih Pengiriman -'  using regular expression (Root cause: com.kms.katalon.core.webui.exception.WebElementNotFoundException: Web element with id: 'Object Repository/SC_04010001_Trade_OrderConfirm/select_- Pilih Pengiriman -' located by 'By.xpath: id("productDetailDiv")/ul[@class="store-order-list"]/li[1]/div[@class="store-notes container-smokewhite mt15 clearfix"]/div[@class="instant-courier-block column-12 clearfix mb10 lHeight-32"]/div[@class="fLeft column-9"]/div[@class="clearfix column-12 brd-box"]/div[@class="fLeft column-4half pr5"]/select[@class="select-courier-provider column-12 p5"]' not found)

2018-10-06 08:22:50 - [MESSAGE][FAILED] - Unable to select option by value 'Kurir Standar' of object 'Object Repository/SC_04010001_Trade_OrderConfirm/select_- Pilih Pengiriman -'  using regular expression (Root cause: com.kms.katalon.core.webui.exception.WebElementNotFoundException: Web element with id: 'Object Repository/SC_04010001_Trade_OrderConfirm/select_- Pilih Pengiriman -' located by 'By.xpath: id("productDetailDiv")/ul[@class="store-order-list"]/li[1]/div[@class="store-notes container-smokewhite mt15 clearfix"]/div[@class="instant-courier-block column-12 clearfix mb10 lHeight-32"]/div[@class="fLeft column-9"]/div[@class="clearfix column-12 brd-box"]/div[@class="fLeft column-4half pr5"]/select[@class="select-courier-provider column-12 p5"]' not found)
[[ATTACHMENT|C:\\Users\\gerardus.adiprana\\Desktop\\DATA\\Katalon Studio\\blanja.test.prod\\blanja.test\\Reports\\Test Suites\\TS_01_Autoplaced\\TS_01_Autoplaced_Mandiri_BankTransferVirtualAccount\\20181006_082120\\1538788970401.png]]]]></system-out>
         <system-err><![CDATA[2018-10-06 08:22:17 - [TEST_CASE][FAILED] - Test Cases/04_Trade/TC_04010001_GoToOrderConfirmUrl_SelectKurirStandard_ClickCheckout: Test Cases/04_Trade/TC_04010001_GoToOrderConfirmUrl_SelectKurirStandard_ClickCheckout FAILED because (of) Unable to select option by value 'Kurir Standar' of object 'Object Repository/SC_04010001_Trade_OrderConfirm/select_- Pilih Pengiriman -'  using regular expression (Root cause: com.kms.katalon.core.webui.exception.WebElementNotFoundException: Web element with id: 'Object Repository/SC_04010001_Trade_OrderConfirm/select_- Pilih Pengiriman -' located by 'By.xpath: id("productDetailDiv")/ul[@class="store-order-list"]/li[1]/div[@class="store-notes container-smokewhite mt15 clearfix"]/div[@class="instant-courier-block column-12 clearfix mb10 lHeight-32"]/div[@class="fLeft column-9"]/div[@class="clearfix column-12 brd-box"]/div[@class="fLeft column-4half pr5"]/select[@class="select-courier-provider column-12 p5"]' not found)]]></system-err>
      </testcase>
      <testcase name="Test Cases/04_Trade/TC_04010002_ChooseMethodPayment/TC_04010002_01_ChooseMethodPayment_Mandiri_BankTransferVirtualAccount" classname="Test Cases/04_Trade/TC_04010002_ChooseMethodPayment/TC_04010002_01_ChooseMethodPayment_Mandiri_BankTransferVirtualAccount" status="FAILED">
         <failure type="FAILED" message="Unable to click on object 'Object Repository/SC_04010002_Trade_PaymentMethod/RadioButtonPaymentMethod/label_01_mandiri_bank_transfer_virtual_account' (Root cause: org.openqa.selenium.WebDriverException: chrome not reachable
  (Session info: chrome=69.0.3497.100)
  (Driver info: chromedriver=2.35.528161 (5b82f2d2aae0ca24b877009200ced9065a772e73),platform=Windows NT 6.1.7601 SP1 x86_64) (WARNING: The server did not provide any stacktrace information)
Command duration or timeout: 0 milliseconds
Build info: version: '3.7.1', revision: '8a0099a', time: '2017-11-06T21:07:36.161Z'
System info: host: 'GERARDUSA-E460', ip: '172.16.31.14', os.name: 'Windows 7', os.arch: 'amd64', os.version: '6.1', java.version: '1.8.0_102'
Driver info: com.kms.katalon.selenium.driver.CChromeDriver
Capabilities {acceptInsecureCerts: false, acceptSslCerts: false, applicationCacheEnabled: false, browserConnectionEnabled: false, browserName: chrome, chrome: {chromedriverVersion: 2.35.528161 (5b82f2d2aae0ca..., userDataDir: C:\Users\GERARD~1.ADI\AppDa...}, cssSelectorsEnabled: true, databaseEnabled: false, handlesAlerts: true, hasTouchScreen: false, javascriptEnabled: true, locationContextEnabled: true, mobileEmulationEnabled: false, nativeEvents: true, networkConnectionEnabled: false, pageLoadStrategy: normal, platform: XP, platformName: XP, rotatable: false, setWindowRect: true, takesHeapSnapshot: true, takesScreenshot: true, unexpectedAlertBehaviour: , unhandledPromptBehavior: , version: 69.0.3497.100, webStorageEnabled: true}
Session ID: eb66abcedcacf820723e902f7a8fb0bc
*** Element info: {Using=xpath, value=//label[@for = 'bni_va_mandiri']})"/>
         <system-out><![CDATA[2018-10-06 08:22:50 - [TEST_CASE][FAILED] - Test Cases/04_Trade/TC_04010002_ChooseMethodPayment/TC_04010002_01_ChooseMethodPayment_Mandiri_BankTransferVirtualAccount: Test Cases/04_Trade/TC_04010002_ChooseMethodPayment/TC_04010002_01_ChooseMethodPayment_Mandiri_BankTransferVirtualAccount FAILED because (of) Unable to click on object 'Object Repository/SC_04010002_Trade_PaymentMethod/RadioButtonPaymentMethod/label_01_mandiri_bank_transfer_virtual_account' (Root cause: org.openqa.selenium.WebDriverException: chrome not reachable
  (Session info: chrome=69.0.3497.100)
  (Driver info: chromedriver=2.35.528161 (5b82f2d2aae0ca24b877009200ced9065a772e73),platform=Windows NT 6.1.7601 SP1 x86_64) (WARNING: The server did not provide any stacktrace information)
Command duration or timeout: 0 milliseconds
Build info: version: '3.7.1', revision: '8a0099a', time: '2017-11-06T21:07:36.161Z'
System info: host: 'GERARDUSA-E460', ip: '172.16.31.14', os.name: 'Windows 7', os.arch: 'amd64', os.version: '6.1', java.version: '1.8.0_102'
Driver info: com.kms.katalon.selenium.driver.CChromeDriver
Capabilities {acceptInsecureCerts: false, acceptSslCerts: false, applicationCacheEnabled: false, browserConnectionEnabled: false, browserName: chrome, chrome: {chromedriverVersion: 2.35.528161 (5b82f2d2aae0ca..., userDataDir: C:\Users\GERARD~1.ADI\AppDa...}, cssSelectorsEnabled: true, databaseEnabled: false, handlesAlerts: true, hasTouchScreen: false, javascriptEnabled: true, locationContextEnabled: true, mobileEmulationEnabled: false, nativeEvents: true, networkConnectionEnabled: false, pageLoadStrategy: normal, platform: XP, platformName: XP, rotatable: false, setWindowRect: true, takesHeapSnapshot: true, takesScreenshot: true, unexpectedAlertBehaviour: , unhandledPromptBehavior: , version: 69.0.3497.100, webStorageEnabled: true}
Session ID: eb66abcedcacf820723e902f7a8fb0bc
*** Element info: {Using=xpath, value=//label[@for = 'bni_va_mandiri']})

2018-10-06 08:22:51 - [TEST_STEP][FAILED] - click: Unable to click on object 'Object Repository/SC_04010002_Trade_PaymentMethod/RadioButtonPaymentMethod/label_01_mandiri_bank_transfer_virtual_account' (Root cause: org.openqa.selenium.WebDriverException: chrome not reachable
  (Session info: chrome=69.0.3497.100)
  (Driver info: chromedriver=2.35.528161 (5b82f2d2aae0ca24b877009200ced9065a772e73),platform=Windows NT 6.1.7601 SP1 x86_64) (WARNING: The server did not provide any stacktrace information)
Command duration or timeout: 0 milliseconds
Build info: version: '3.7.1', revision: '8a0099a', time: '2017-11-06T21:07:36.161Z'
System info: host: 'GERARDUSA-E460', ip: '172.16.31.14', os.name: 'Windows 7', os.arch: 'amd64', os.version: '6.1', java.version: '1.8.0_102'
Driver info: com.kms.katalon.selenium.driver.CChromeDriver
Capabilities {acceptInsecureCerts: false, acceptSslCerts: false, applicationCacheEnabled: false, browserConnectionEnabled: false, browserName: chrome, chrome: {chromedriverVersion: 2.35.528161 (5b82f2d2aae0ca..., userDataDir: C:\Users\GERARD~1.ADI\AppDa...}, cssSelectorsEnabled: true, databaseEnabled: false, handlesAlerts: true, hasTouchScreen: false, javascriptEnabled: true, locationContextEnabled: true, mobileEmulationEnabled: false, nativeEvents: true, networkConnectionEnabled: false, pageLoadStrategy: normal, platform: XP, platformName: XP, rotatable: false, setWindowRect: true, takesHeapSnapshot: true, takesScreenshot: true, unexpectedAlertBehaviour: , unhandledPromptBehavior: , version: 69.0.3497.100, webStorageEnabled: true}
Session ID: eb66abcedcacf820723e902f7a8fb0bc
*** Element info: {Using=xpath, value=//label[@for = 'bni_va_mandiri']})

2018-10-06 08:23:18 - [MESSAGE][WARNING] - Cannot take screenshot

2018-10-06 08:23:18 - [MESSAGE][FAILED] - Unable to click on object 'Object Repository/SC_04010002_Trade_PaymentMethod/RadioButtonPaymentMethod/label_01_mandiri_bank_transfer_virtual_account' (Root cause: org.openqa.selenium.WebDriverException: chrome not reachable
  (Session info: chrome=69.0.3497.100)
  (Driver info: chromedriver=2.35.528161 (5b82f2d2aae0ca24b877009200ced9065a772e73),platform=Windows NT 6.1.7601 SP1 x86_64) (WARNING: The server did not provide any stacktrace information)
Command duration or timeout: 0 milliseconds
Build info: version: '3.7.1', revision: '8a0099a', time: '2017-11-06T21:07:36.161Z'
System info: host: 'GERARDUSA-E460', ip: '172.16.31.14', os.name: 'Windows 7', os.arch: 'amd64', os.version: '6.1', java.version: '1.8.0_102'
Driver info: com.kms.katalon.selenium.driver.CChromeDriver
Capabilities {acceptInsecureCerts: false, acceptSslCerts: false, applicationCacheEnabled: false, browserConnectionEnabled: false, browserName: chrome, chrome: {chromedriverVersion: 2.35.528161 (5b82f2d2aae0ca..., userDataDir: C:\Users\GERARD~1.ADI\AppDa...}, cssSelectorsEnabled: true, databaseEnabled: false, handlesAlerts: true, hasTouchScreen: false, javascriptEnabled: true, locationContextEnabled: true, mobileEmulationEnabled: false, nativeEvents: true, networkConnectionEnabled: false, pageLoadStrategy: normal, platform: XP, platformName: XP, rotatable: false, setWindowRect: true, takesHeapSnapshot: true, takesScreenshot: true, unexpectedAlertBehaviour: , unhandledPromptBehavior: , version: 69.0.3497.100, webStorageEnabled: true}
Session ID: eb66abcedcacf820723e902f7a8fb0bc
*** Element info: {Using=xpath, value=//label[@for = 'bni_va_mandiri']})]]></system-out>
         <system-err><![CDATA[2018-10-06 08:22:50 - [TEST_CASE][FAILED] - Test Cases/04_Trade/TC_04010002_ChooseMethodPayment/TC_04010002_01_ChooseMethodPayment_Mandiri_BankTransferVirtualAccount: Test Cases/04_Trade/TC_04010002_ChooseMethodPayment/TC_04010002_01_ChooseMethodPayment_Mandiri_BankTransferVirtualAccount FAILED because (of) Unable to click on object 'Object Repository/SC_04010002_Trade_PaymentMethod/RadioButtonPaymentMethod/label_01_mandiri_bank_transfer_virtual_account' (Root cause: org.openqa.selenium.WebDriverException: chrome not reachable
  (Session info: chrome=69.0.3497.100)
  (Driver info: chromedriver=2.35.528161 (5b82f2d2aae0ca24b877009200ced9065a772e73),platform=Windows NT 6.1.7601 SP1 x86_64) (WARNING: The server did not provide any stacktrace information)
Command duration or timeout: 0 milliseconds
Build info: version: '3.7.1', revision: '8a0099a', time: '2017-11-06T21:07:36.161Z'
System info: host: 'GERARDUSA-E460', ip: '172.16.31.14', os.name: 'Windows 7', os.arch: 'amd64', os.version: '6.1', java.version: '1.8.0_102'
Driver info: com.kms.katalon.selenium.driver.CChromeDriver
Capabilities {acceptInsecureCerts: false, acceptSslCerts: false, applicationCacheEnabled: false, browserConnectionEnabled: false, browserName: chrome, chrome: {chromedriverVersion: 2.35.528161 (5b82f2d2aae0ca..., userDataDir: C:\Users\GERARD~1.ADI\AppDa...}, cssSelectorsEnabled: true, databaseEnabled: false, handlesAlerts: true, hasTouchScreen: false, javascriptEnabled: true, locationContextEnabled: true, mobileEmulationEnabled: false, nativeEvents: true, networkConnectionEnabled: false, pageLoadStrategy: normal, platform: XP, platformName: XP, rotatable: false, setWindowRect: true, takesHeapSnapshot: true, takesScreenshot: true, unexpectedAlertBehaviour: , unhandledPromptBehavior: , version: 69.0.3497.100, webStorageEnabled: true}
Session ID: eb66abcedcacf820723e902f7a8fb0bc
*** Element info: {Using=xpath, value=//label[@for = 'bni_va_mandiri']})]]></system-err>
      </testcase>
      <testcase name="Test Cases/04_Trade/TC_04010003_ClickCheckout_GetLastOrderID_ExportTo_Blanja_Autoplaced" classname="Test Cases/04_Trade/TC_04010003_ClickCheckout_GetLastOrderID_ExportTo_Blanja_Autoplaced" status="FAILED">
         <failure type="FAILED" message="Unable to click on object 'Object Repository/SC_04010002_Trade_PaymentMethod/input_checkOut' (Root cause: org.openqa.selenium.WebDriverException: chrome not reachable
  (Session info: chrome=69.0.3497.100)
  (Driver info: chromedriver=2.35.528161 (5b82f2d2aae0ca24b877009200ced9065a772e73),platform=Windows NT 6.1.7601 SP1 x86_64) (WARNING: The server did not provide any stacktrace information)
Command duration or timeout: 0 milliseconds
Build info: version: '3.7.1', revision: '8a0099a', time: '2017-11-06T21:07:36.161Z'
System info: host: 'GERARDUSA-E460', ip: '172.16.31.14', os.name: 'Windows 7', os.arch: 'amd64', os.version: '6.1', java.version: '1.8.0_102'
Driver info: com.kms.katalon.selenium.driver.CChromeDriver
Capabilities {acceptInsecureCerts: false, acceptSslCerts: false, applicationCacheEnabled: false, browserConnectionEnabled: false, browserName: chrome, chrome: {chromedriverVersion: 2.35.528161 (5b82f2d2aae0ca..., userDataDir: C:\Users\GERARD~1.ADI\AppDa...}, cssSelectorsEnabled: true, databaseEnabled: false, handlesAlerts: true, hasTouchScreen: false, javascriptEnabled: true, locationContextEnabled: true, mobileEmulationEnabled: false, nativeEvents: true, networkConnectionEnabled: false, pageLoadStrategy: normal, platform: XP, platformName: XP, rotatable: false, setWindowRect: true, takesHeapSnapshot: true, takesScreenshot: true, unexpectedAlertBehaviour: , unhandledPromptBehavior: , version: 69.0.3497.100, webStorageEnabled: true}
Session ID: eb66abcedcacf820723e902f7a8fb0bc
*** Element info: {Using=xpath, value=//input[@type = 'button' and @id = 'checkOut']})"/>
         <system-out><![CDATA[2018-10-06 08:23:18 - [TEST_CASE][FAILED] - Test Cases/04_Trade/TC_04010003_ClickCheckout_GetLastOrderID_ExportTo_Blanja_Autoplaced: Test Cases/04_Trade/TC_04010003_ClickCheckout_GetLastOrderID_ExportTo_Blanja_Autoplaced FAILED because (of) Unable to click on object 'Object Repository/SC_04010002_Trade_PaymentMethod/input_checkOut' (Root cause: org.openqa.selenium.WebDriverException: chrome not reachable
  (Session info: chrome=69.0.3497.100)
  (Driver info: chromedriver=2.35.528161 (5b82f2d2aae0ca24b877009200ced9065a772e73),platform=Windows NT 6.1.7601 SP1 x86_64) (WARNING: The server did not provide any stacktrace information)
Command duration or timeout: 0 milliseconds
Build info: version: '3.7.1', revision: '8a0099a', time: '2017-11-06T21:07:36.161Z'
System info: host: 'GERARDUSA-E460', ip: '172.16.31.14', os.name: 'Windows 7', os.arch: 'amd64', os.version: '6.1', java.version: '1.8.0_102'
Driver info: com.kms.katalon.selenium.driver.CChromeDriver
Capabilities {acceptInsecureCerts: false, acceptSslCerts: false, applicationCacheEnabled: false, browserConnectionEnabled: false, browserName: chrome, chrome: {chromedriverVersion: 2.35.528161 (5b82f2d2aae0ca..., userDataDir: C:\Users\GERARD~1.ADI\AppDa...}, cssSelectorsEnabled: true, databaseEnabled: false, handlesAlerts: true, hasTouchScreen: false, javascriptEnabled: true, locationContextEnabled: true, mobileEmulationEnabled: false, nativeEvents: true, networkConnectionEnabled: false, pageLoadStrategy: normal, platform: XP, platformName: XP, rotatable: false, setWindowRect: true, takesHeapSnapshot: true, takesScreenshot: true, unexpectedAlertBehaviour: , unhandledPromptBehavior: , version: 69.0.3497.100, webStorageEnabled: true}
Session ID: eb66abcedcacf820723e902f7a8fb0bc
*** Element info: {Using=xpath, value=//input[@type = 'button' and @id = 'checkOut']})

2018-10-06 08:23:19 - [TEST_STEP][FAILED] - click: Unable to click on object 'Object Repository/SC_04010002_Trade_PaymentMethod/input_checkOut' (Root cause: org.openqa.selenium.WebDriverException: chrome not reachable
  (Session info: chrome=69.0.3497.100)
  (Driver info: chromedriver=2.35.528161 (5b82f2d2aae0ca24b877009200ced9065a772e73),platform=Windows NT 6.1.7601 SP1 x86_64) (WARNING: The server did not provide any stacktrace information)
Command duration or timeout: 0 milliseconds
Build info: version: '3.7.1', revision: '8a0099a', time: '2017-11-06T21:07:36.161Z'
System info: host: 'GERARDUSA-E460', ip: '172.16.31.14', os.name: 'Windows 7', os.arch: 'amd64', os.version: '6.1', java.version: '1.8.0_102'
Driver info: com.kms.katalon.selenium.driver.CChromeDriver
Capabilities {acceptInsecureCerts: false, acceptSslCerts: false, applicationCacheEnabled: false, browserConnectionEnabled: false, browserName: chrome, chrome: {chromedriverVersion: 2.35.528161 (5b82f2d2aae0ca..., userDataDir: C:\Users\GERARD~1.ADI\AppDa...}, cssSelectorsEnabled: true, databaseEnabled: false, handlesAlerts: true, hasTouchScreen: false, javascriptEnabled: true, locationContextEnabled: true, mobileEmulationEnabled: false, nativeEvents: true, networkConnectionEnabled: false, pageLoadStrategy: normal, platform: XP, platformName: XP, rotatable: false, setWindowRect: true, takesHeapSnapshot: true, takesScreenshot: true, unexpectedAlertBehaviour: , unhandledPromptBehavior: , version: 69.0.3497.100, webStorageEnabled: true}
Session ID: eb66abcedcacf820723e902f7a8fb0bc
*** Element info: {Using=xpath, value=//input[@type = 'button' and @id = 'checkOut']})

2018-10-06 08:23:27 - [MESSAGE][WARNING] - Cannot take screenshot

2018-10-06 08:23:27 - [MESSAGE][FAILED] - Unable to click on object 'Object Repository/SC_04010002_Trade_PaymentMethod/input_checkOut' (Root cause: org.openqa.selenium.WebDriverException: chrome not reachable
  (Session info: chrome=69.0.3497.100)
  (Driver info: chromedriver=2.35.528161 (5b82f2d2aae0ca24b877009200ced9065a772e73),platform=Windows NT 6.1.7601 SP1 x86_64) (WARNING: The server did not provide any stacktrace information)
Command duration or timeout: 0 milliseconds
Build info: version: '3.7.1', revision: '8a0099a', time: '2017-11-06T21:07:36.161Z'
System info: host: 'GERARDUSA-E460', ip: '172.16.31.14', os.name: 'Windows 7', os.arch: 'amd64', os.version: '6.1', java.version: '1.8.0_102'
Driver info: com.kms.katalon.selenium.driver.CChromeDriver
Capabilities {acceptInsecureCerts: false, acceptSslCerts: false, applicationCacheEnabled: false, browserConnectionEnabled: false, browserName: chrome, chrome: {chromedriverVersion: 2.35.528161 (5b82f2d2aae0ca..., userDataDir: C:\Users\GERARD~1.ADI\AppDa...}, cssSelectorsEnabled: true, databaseEnabled: false, handlesAlerts: true, hasTouchScreen: false, javascriptEnabled: true, locationContextEnabled: true, mobileEmulationEnabled: false, nativeEvents: true, networkConnectionEnabled: false, pageLoadStrategy: normal, platform: XP, platformName: XP, rotatable: false, setWindowRect: true, takesHeapSnapshot: true, takesScreenshot: true, unexpectedAlertBehaviour: , unhandledPromptBehavior: , version: 69.0.3497.100, webStorageEnabled: true}
Session ID: eb66abcedcacf820723e902f7a8fb0bc
*** Element info: {Using=xpath, value=//input[@type = 'button' and @id = 'checkOut']})]]></system-out>
         <system-err><![CDATA[2018-10-06 08:23:18 - [TEST_CASE][FAILED] - Test Cases/04_Trade/TC_04010003_ClickCheckout_GetLastOrderID_ExportTo_Blanja_Autoplaced: Test Cases/04_Trade/TC_04010003_ClickCheckout_GetLastOrderID_ExportTo_Blanja_Autoplaced FAILED because (of) Unable to click on object 'Object Repository/SC_04010002_Trade_PaymentMethod/input_checkOut' (Root cause: org.openqa.selenium.WebDriverException: chrome not reachable
  (Session info: chrome=69.0.3497.100)
  (Driver info: chromedriver=2.35.528161 (5b82f2d2aae0ca24b877009200ced9065a772e73),platform=Windows NT 6.1.7601 SP1 x86_64) (WARNING: The server did not provide any stacktrace information)
Command duration or timeout: 0 milliseconds
Build info: version: '3.7.1', revision: '8a0099a', time: '2017-11-06T21:07:36.161Z'
System info: host: 'GERARDUSA-E460', ip: '172.16.31.14', os.name: 'Windows 7', os.arch: 'amd64', os.version: '6.1', java.version: '1.8.0_102'
Driver info: com.kms.katalon.selenium.driver.CChromeDriver
Capabilities {acceptInsecureCerts: false, acceptSslCerts: false, applicationCacheEnabled: false, browserConnectionEnabled: false, browserName: chrome, chrome: {chromedriverVersion: 2.35.528161 (5b82f2d2aae0ca..., userDataDir: C:\Users\GERARD~1.ADI\AppDa...}, cssSelectorsEnabled: true, databaseEnabled: false, handlesAlerts: true, hasTouchScreen: false, javascriptEnabled: true, locationContextEnabled: true, mobileEmulationEnabled: false, nativeEvents: true, networkConnectionEnabled: false, pageLoadStrategy: normal, platform: XP, platformName: XP, rotatable: false, setWindowRect: true, takesHeapSnapshot: true, takesScreenshot: true, unexpectedAlertBehaviour: , unhandledPromptBehavior: , version: 69.0.3497.100, webStorageEnabled: true}
Session ID: eb66abcedcacf820723e902f7a8fb0bc
*** Element info: {Using=xpath, value=//input[@type = 'button' and @id = 'checkOut']})]]></system-err>
      </testcase>
      <system-out><![CDATA[2018-10-06 08:21:22 - [TEST_SUITE][FAILED] - TS_01_Autoplaced_Mandiri_BankTransferVirtualAccount: Test Cases/03_Product/TC_03010001_Product_GoToPDPUrl_ClickBlanjaSekarang FAILED because (of) Unable to click on object 'Object Repository/SC_03010001_Product_PDP/a_Saya Mengerti' (Root cause: com.kms.katalon.core.webui.exception.WebElementNotFoundException: Web element with id: 'Object Repository/SC_03010001_Product_PDP/a_Saya Mengerti' located by 'By.xpath: //a[(text() = 'Saya Mengerti' or . = 'Saya Mengerti')]' not found)]]></system-out>
      <system-err><![CDATA[2018-10-06 08:21:22 - [TEST_SUITE][FAILED] - TS_01_Autoplaced_Mandiri_BankTransferVirtualAccount: Test Cases/03_Product/TC_03010001_Product_GoToPDPUrl_ClickBlanjaSekarang FAILED because (of) Unable to click on object 'Object Repository/SC_03010001_Product_PDP/a_Saya Mengerti' (Root cause: com.kms.katalon.core.webui.exception.WebElementNotFoundException: Web element with id: 'Object Repository/SC_03010001_Product_PDP/a_Saya Mengerti' located by 'By.xpath: //a[(text() = 'Saya Mengerti' or . = 'Saya Mengerti')]' not found)]]></system-err>
   </testsuite>
</testsuites>
